<?xml version="1.0" encoding="UTF-8"?>
<!DOCTYPE coverage SYSTEM "https://raw.githubusercontent.com/cobertura/cobertura/master/cobertura/src/site/htdocs/xml/coverage-04.dtd">
<coverage line-rate="0.953260869565217" branch-rate="0" lines-covered="877" lines-valid="920" branches-covered="0" branches-valid="0" complexity="0" version="3.6.2" timestamp="2024-12-11 16:26:55">
  <sources>
    <source>C:/Users/claudia.rodes/Documents/GitHub/rhap</source>
  </sources>
  <packages>
    <package name="rhap" line-rate="0.953260869565217" branch-rate="0" complexity="0">
      <classes>
        <class name="calc_hap_impacts.R" filename="R/calc_hap_impacts.R" line-rate="0.931535269709544" branch-rate="0" complexity="0">
          <methods>
            <method name="calc_hap_impacts" signature="" line-rate="0.931535269709544" branch-rate="0" complexity="0">
              <lines>
                <line number="28" hits="8" branch="false"/>
                <line number="29" hits="8" branch="false"/>
                <line number="30" hits="8" branch="false"/>
                <line number="31" hits="8" branch="false"/>
                <line number="32" hits="8" branch="false"/>
                <line number="33" hits="8" branch="false"/>
                <line number="34" hits="8" branch="false"/>
                <line number="35" hits="8" branch="false"/>
                <line number="36" hits="8" branch="false"/>
                <line number="37" hits="8" branch="false"/>
                <line number="40" hits="8" branch="false"/>
                <line number="41" hits="1" branch="false"/>
                <line number="42" hits="1" branch="false"/>
                <line number="43" hits="1" branch="false"/>
                <line number="44" hits="1" branch="false"/>
                <line number="46" hits="7" branch="false"/>
                <line number="47" hits="7" branch="false"/>
                <line number="48" hits="1" branch="false"/>
                <line number="49" hits="1" branch="false"/>
                <line number="50" hits="1" branch="false"/>
                <line number="51" hits="1" branch="false"/>
                <line number="53" hits="6" branch="false"/>
                <line number="54" hits="1" branch="false"/>
                <line number="55" hits="1" branch="false"/>
                <line number="56" hits="1" branch="false"/>
                <line number="57" hits="1" branch="false"/>
                <line number="59" hits="5" branch="false"/>
                <line number="60" hits="1" branch="false"/>
                <line number="61" hits="1" branch="false"/>
                <line number="62" hits="1" branch="false"/>
                <line number="63" hits="1" branch="false"/>
                <line number="65" hits="4" branch="false"/>
                <line number="66" hits="1" branch="false"/>
                <line number="67" hits="1" branch="false"/>
                <line number="68" hits="1" branch="false"/>
                <line number="69" hits="1" branch="false"/>
                <line number="71" hits="3" branch="false"/>
                <line number="72" hits="1" branch="false"/>
                <line number="73" hits="1" branch="false"/>
                <line number="74" hits="1" branch="false"/>
                <line number="75" hits="1" branch="false"/>
                <line number="77" hits="2" branch="false"/>
                <line number="78" hits="1" branch="false"/>
                <line number="79" hits="1" branch="false"/>
                <line number="80" hits="1" branch="false"/>
                <line number="81" hits="1" branch="false"/>
                <line number="88" hits="1" branch="false"/>
                <line number="91" hits="1" branch="false"/>
                <line number="94" hits="0" branch="false"/>
                <line number="97" hits="1" branch="false"/>
                <line number="99" hits="1" branch="false"/>
                <line number="100" hits="1" branch="false"/>
                <line number="101" hits="1" branch="false"/>
                <line number="102" hits="1" branch="false"/>
                <line number="103" hits="1" branch="false"/>
                <line number="104" hits="1" branch="false"/>
                <line number="105" hits="1" branch="false"/>
                <line number="106" hits="1" branch="false"/>
                <line number="107" hits="1" branch="false"/>
                <line number="108" hits="1" branch="false"/>
                <line number="112" hits="0" branch="false"/>
                <line number="113" hits="0" branch="false"/>
                <line number="117" hits="1" branch="false"/>
                <line number="118" hits="1" branch="false"/>
                <line number="124" hits="1" branch="false"/>
                <line number="127" hits="1" branch="false"/>
                <line number="128" hits="1" branch="false"/>
                <line number="129" hits="1" branch="false"/>
                <line number="130" hits="1" branch="false"/>
                <line number="133" hits="1" branch="false"/>
                <line number="135" hits="1" branch="false"/>
                <line number="137" hits="1" branch="false"/>
                <line number="139" hits="1" branch="false"/>
                <line number="140" hits="1" branch="false"/>
                <line number="141" hits="1" branch="false"/>
                <line number="143" hits="1" branch="false"/>
                <line number="144" hits="1" branch="false"/>
                <line number="148" hits="1" branch="false"/>
                <line number="149" hits="1" branch="false"/>
                <line number="150" hits="1" branch="false"/>
                <line number="152" hits="1" branch="false"/>
                <line number="153" hits="1" branch="false"/>
                <line number="155" hits="1" branch="false"/>
                <line number="156" hits="1" branch="false"/>
                <line number="160" hits="1" branch="false"/>
                <line number="161" hits="1" branch="false"/>
                <line number="162" hits="1" branch="false"/>
                <line number="163" hits="1" branch="false"/>
                <line number="164" hits="1" branch="false"/>
                <line number="165" hits="1" branch="false"/>
                <line number="166" hits="1" branch="false"/>
                <line number="167" hits="1" branch="false"/>
                <line number="170" hits="1" branch="false"/>
                <line number="171" hits="1" branch="false"/>
                <line number="172" hits="1" branch="false"/>
                <line number="173" hits="1" branch="false"/>
                <line number="177" hits="1" branch="false"/>
                <line number="178" hits="1" branch="false"/>
                <line number="179" hits="1" branch="false"/>
                <line number="180" hits="1" branch="false"/>
                <line number="181" hits="1" branch="false"/>
                <line number="182" hits="1" branch="false"/>
                <line number="183" hits="1" branch="false"/>
                <line number="184" hits="1" branch="false"/>
                <line number="185" hits="1" branch="false"/>
                <line number="186" hits="1" branch="false"/>
                <line number="188" hits="1" branch="false"/>
                <line number="189" hits="1" branch="false"/>
                <line number="190" hits="1" branch="false"/>
                <line number="191" hits="1" branch="false"/>
                <line number="192" hits="1" branch="false"/>
                <line number="194" hits="1" branch="false"/>
                <line number="195" hits="1" branch="false"/>
                <line number="196" hits="1" branch="false"/>
                <line number="197" hits="1" branch="false"/>
                <line number="198" hits="1" branch="false"/>
                <line number="200" hits="1" branch="false"/>
                <line number="201" hits="1" branch="false"/>
                <line number="202" hits="1" branch="false"/>
                <line number="203" hits="1" branch="false"/>
                <line number="206" hits="1" branch="false"/>
                <line number="207" hits="1" branch="false"/>
                <line number="208" hits="1" branch="false"/>
                <line number="209" hits="1" branch="false"/>
                <line number="214" hits="1" branch="false"/>
                <line number="215" hits="1" branch="false"/>
                <line number="216" hits="1" branch="false"/>
                <line number="217" hits="1" branch="false"/>
                <line number="218" hits="1" branch="false"/>
                <line number="219" hits="1" branch="false"/>
                <line number="223" hits="1" branch="false"/>
                <line number="227" hits="1" branch="false"/>
                <line number="228" hits="1" branch="false"/>
                <line number="229" hits="1" branch="false"/>
                <line number="230" hits="1" branch="false"/>
                <line number="231" hits="1" branch="false"/>
                <line number="232" hits="1" branch="false"/>
                <line number="233" hits="1" branch="false"/>
                <line number="234" hits="1" branch="false"/>
                <line number="235" hits="1" branch="false"/>
                <line number="236" hits="1" branch="false"/>
                <line number="237" hits="1" branch="false"/>
                <line number="238" hits="1" branch="false"/>
                <line number="239" hits="1" branch="false"/>
                <line number="241" hits="1" branch="false"/>
                <line number="242" hits="1" branch="false"/>
                <line number="243" hits="1" branch="false"/>
                <line number="244" hits="1" branch="false"/>
                <line number="247" hits="1" branch="false"/>
                <line number="248" hits="1" branch="false"/>
                <line number="249" hits="1" branch="false"/>
                <line number="250" hits="1" branch="false"/>
                <line number="251" hits="1" branch="false"/>
                <line number="252" hits="1" branch="false"/>
                <line number="253" hits="1" branch="false"/>
                <line number="254" hits="1" branch="false"/>
                <line number="255" hits="1" branch="false"/>
                <line number="256" hits="1" branch="false"/>
                <line number="258" hits="1" branch="false"/>
                <line number="259" hits="1" branch="false"/>
                <line number="260" hits="1" branch="false"/>
                <line number="261" hits="1" branch="false"/>
                <line number="262" hits="1" branch="false"/>
                <line number="263" hits="1" branch="false"/>
                <line number="264" hits="1" branch="false"/>
                <line number="265" hits="1" branch="false"/>
                <line number="266" hits="1" branch="false"/>
                <line number="267" hits="1" branch="false"/>
                <line number="268" hits="1" branch="false"/>
                <line number="269" hits="1" branch="false"/>
                <line number="270" hits="1" branch="false"/>
                <line number="274" hits="1" branch="false"/>
                <line number="275" hits="1" branch="false"/>
                <line number="277" hits="1" branch="false"/>
                <line number="278" hits="1" branch="false"/>
                <line number="279" hits="1" branch="false"/>
                <line number="280" hits="1" branch="false"/>
                <line number="281" hits="1" branch="false"/>
                <line number="282" hits="1" branch="false"/>
                <line number="284" hits="1" branch="false"/>
                <line number="285" hits="1" branch="false"/>
                <line number="287" hits="1" branch="false"/>
                <line number="288" hits="1" branch="false"/>
                <line number="289" hits="1" branch="false"/>
                <line number="290" hits="1" branch="false"/>
                <line number="291" hits="1" branch="false"/>
                <line number="292" hits="1" branch="false"/>
                <line number="298" hits="1" branch="false"/>
                <line number="299" hits="1" branch="false"/>
                <line number="300" hits="1" branch="false"/>
                <line number="301" hits="1" branch="false"/>
                <line number="302" hits="1" branch="false"/>
                <line number="303" hits="1" branch="false"/>
                <line number="304" hits="1" branch="false"/>
                <line number="305" hits="1" branch="false"/>
                <line number="306" hits="1" branch="false"/>
                <line number="309" hits="1" branch="false"/>
                <line number="310" hits="1" branch="false"/>
                <line number="311" hits="1" branch="false"/>
                <line number="312" hits="1" branch="false"/>
                <line number="313" hits="1" branch="false"/>
                <line number="314" hits="1" branch="false"/>
                <line number="315" hits="1" branch="false"/>
                <line number="316" hits="1" branch="false"/>
                <line number="318" hits="1" branch="false"/>
                <line number="321" hits="1" branch="false"/>
                <line number="322" hits="1" branch="false"/>
                <line number="323" hits="1" branch="false"/>
                <line number="324" hits="1" branch="false"/>
                <line number="325" hits="1" branch="false"/>
                <line number="326" hits="1" branch="false"/>
                <line number="327" hits="1" branch="false"/>
                <line number="328" hits="1" branch="false"/>
                <line number="329" hits="1" branch="false"/>
                <line number="332" hits="1" branch="false"/>
                <line number="333" hits="1" branch="false"/>
                <line number="334" hits="1" branch="false"/>
                <line number="335" hits="1" branch="false"/>
                <line number="338" hits="1" branch="false"/>
                <line number="339" hits="1" branch="false"/>
                <line number="340" hits="1" branch="false"/>
                <line number="341" hits="1" branch="false"/>
                <line number="342" hits="1" branch="false"/>
                <line number="343" hits="1" branch="false"/>
                <line number="344" hits="1" branch="false"/>
                <line number="345" hits="1" branch="false"/>
                <line number="346" hits="1" branch="false"/>
                <line number="347" hits="1" branch="false"/>
                <line number="348" hits="1" branch="false"/>
                <line number="349" hits="1" branch="false"/>
                <line number="351" hits="1" branch="false"/>
                <line number="352" hits="1" branch="false"/>
                <line number="353" hits="1" branch="false"/>
                <line number="354" hits="1" branch="false"/>
                <line number="355" hits="1" branch="false"/>
                <line number="357" hits="1" branch="false"/>
                <line number="359" hits="1" branch="false"/>
                <line number="361" hits="1" branch="false"/>
                <line number="362" hits="1" branch="false"/>
                <line number="363" hits="1" branch="false"/>
                <line number="364" hits="1" branch="false"/>
                <line number="365" hits="1" branch="false"/>
                <line number="366" hits="1" branch="false"/>
                <line number="367" hits="1" branch="false"/>
                <line number="369" hits="1" branch="false"/>
                <line number="370" hits="1" branch="false"/>
                <line number="372" hits="1" branch="false"/>
                <line number="374" hits="1" branch="false"/>
                <line number="376" hits="1" branch="false"/>
                <line number="377" hits="1" branch="false"/>
                <line number="378" hits="1" branch="false"/>
                <line number="380" hits="1" branch="false"/>
                <line number="381" hits="1" branch="false"/>
                <line number="383" hits="1" branch="false"/>
                <line number="384" hits="1" branch="false"/>
                <line number="387" hits="1" branch="false"/>
                <line number="388" hits="1" branch="false"/>
                <line number="389" hits="1" branch="false"/>
                <line number="390" hits="1" branch="false"/>
                <line number="391" hits="1" branch="false"/>
                <line number="392" hits="1" branch="false"/>
                <line number="393" hits="1" branch="false"/>
                <line number="394" hits="1" branch="false"/>
                <line number="395" hits="1" branch="false"/>
                <line number="396" hits="1" branch="false"/>
                <line number="397" hits="1" branch="false"/>
                <line number="398" hits="1" branch="false"/>
                <line number="399" hits="1" branch="false"/>
                <line number="400" hits="1" branch="false"/>
                <line number="401" hits="1" branch="false"/>
                <line number="402" hits="1" branch="false"/>
                <line number="404" hits="1" branch="false"/>
                <line number="406" hits="1" branch="false"/>
                <line number="407" hits="1" branch="false"/>
                <line number="408" hits="1" branch="false"/>
                <line number="409" hits="1" branch="false"/>
                <line number="410" hits="1" branch="false"/>
                <line number="411" hits="1" branch="false"/>
                <line number="412" hits="1" branch="false"/>
                <line number="415" hits="1" branch="false"/>
                <line number="416" hits="1" branch="false"/>
                <line number="417" hits="1" branch="false"/>
                <line number="419" hits="1" branch="false"/>
                <line number="420" hits="1" branch="false"/>
                <line number="421" hits="1" branch="false"/>
                <line number="424" hits="1" branch="false"/>
                <line number="426" hits="1" branch="false"/>
                <line number="427" hits="1" branch="false"/>
                <line number="429" hits="1" branch="false"/>
                <line number="431" hits="1" branch="false"/>
                <line number="432" hits="1" branch="false"/>
                <line number="433" hits="1" branch="false"/>
                <line number="435" hits="1" branch="false"/>
                <line number="436" hits="1" branch="false"/>
                <line number="438" hits="1" branch="false"/>
                <line number="439" hits="1" branch="false"/>
                <line number="443" hits="1" branch="false"/>
                <line number="444" hits="1" branch="false"/>
                <line number="445" hits="1" branch="false"/>
                <line number="446" hits="1" branch="false"/>
                <line number="448" hits="1" branch="false"/>
                <line number="449" hits="1" branch="false"/>
                <line number="450" hits="1" branch="false"/>
                <line number="451" hits="1" branch="false"/>
                <line number="452" hits="1" branch="false"/>
                <line number="453" hits="1" branch="false"/>
                <line number="454" hits="1" branch="false"/>
                <line number="456" hits="1" branch="false"/>
                <line number="457" hits="1" branch="false"/>
                <line number="458" hits="1" branch="false"/>
                <line number="459" hits="1" branch="false"/>
                <line number="460" hits="1" branch="false"/>
                <line number="467" hits="1" branch="false"/>
                <line number="468" hits="1" branch="false"/>
                <line number="469" hits="1" branch="false"/>
                <line number="470" hits="1" branch="false"/>
                <line number="472" hits="1" branch="false"/>
                <line number="473" hits="1" branch="false"/>
                <line number="474" hits="1" branch="false"/>
                <line number="475" hits="1" branch="false"/>
                <line number="476" hits="1" branch="false"/>
                <line number="477" hits="1" branch="false"/>
                <line number="478" hits="1" branch="false"/>
                <line number="480" hits="1" branch="false"/>
                <line number="481" hits="1" branch="false"/>
                <line number="482" hits="1" branch="false"/>
                <line number="484" hits="1" branch="false"/>
                <line number="485" hits="1" branch="false"/>
                <line number="487" hits="1" branch="false"/>
                <line number="488" hits="1" branch="false"/>
                <line number="489" hits="1" branch="false"/>
                <line number="490" hits="1" branch="false"/>
                <line number="492" hits="1" branch="false"/>
                <line number="493" hits="1" branch="false"/>
                <line number="494" hits="1" branch="false"/>
                <line number="495" hits="1" branch="false"/>
                <line number="496" hits="1" branch="false"/>
                <line number="497" hits="1" branch="false"/>
                <line number="499" hits="1" branch="false"/>
                <line number="500" hits="1" branch="false"/>
                <line number="501" hits="1" branch="false"/>
                <line number="505" hits="1" branch="false"/>
                <line number="506" hits="1" branch="false"/>
                <line number="507" hits="1" branch="false"/>
                <line number="508" hits="1" branch="false"/>
                <line number="510" hits="1" branch="false"/>
                <line number="511" hits="1" branch="false"/>
                <line number="512" hits="1" branch="false"/>
                <line number="513" hits="1" branch="false"/>
                <line number="514" hits="1" branch="false"/>
                <line number="515" hits="1" branch="false"/>
                <line number="516" hits="1" branch="false"/>
                <line number="518" hits="1" branch="false"/>
                <line number="519" hits="1" branch="false"/>
                <line number="520" hits="1" branch="false"/>
                <line number="522" hits="1" branch="false"/>
                <line number="523" hits="1" branch="false"/>
                <line number="525" hits="1" branch="false"/>
                <line number="526" hits="1" branch="false"/>
                <line number="527" hits="1" branch="false"/>
                <line number="528" hits="1" branch="false"/>
                <line number="529" hits="1" branch="false"/>
                <line number="530" hits="1" branch="false"/>
                <line number="531" hits="1" branch="false"/>
                <line number="532" hits="1" branch="false"/>
                <line number="534" hits="1" branch="false"/>
                <line number="535" hits="1" branch="false"/>
                <line number="536" hits="1" branch="false"/>
                <line number="537" hits="1" branch="false"/>
                <line number="538" hits="1" branch="false"/>
                <line number="539" hits="1" branch="false"/>
                <line number="541" hits="1" branch="false"/>
                <line number="542" hits="1" branch="false"/>
                <line number="543" hits="1" branch="false"/>
                <line number="545" hits="1" branch="false"/>
                <line number="552" hits="1" branch="false"/>
                <line number="556" hits="1" branch="false"/>
                <line number="558" hits="1" branch="false"/>
                <line number="560" hits="1" branch="false"/>
                <line number="561" hits="1" branch="false"/>
                <line number="562" hits="1" branch="false"/>
                <line number="563" hits="1" branch="false"/>
                <line number="564" hits="1" branch="false"/>
                <line number="565" hits="1" branch="false"/>
                <line number="566" hits="1" branch="false"/>
                <line number="567" hits="1" branch="false"/>
                <line number="568" hits="1" branch="false"/>
                <line number="570" hits="1" branch="false"/>
                <line number="571" hits="1" branch="false"/>
                <line number="572" hits="1" branch="false"/>
                <line number="573" hits="1" branch="false"/>
                <line number="574" hits="1" branch="false"/>
                <line number="575" hits="1" branch="false"/>
                <line number="576" hits="1" branch="false"/>
                <line number="577" hits="1" branch="false"/>
                <line number="578" hits="1" branch="false"/>
                <line number="579" hits="1" branch="false"/>
                <line number="583" hits="1" branch="false"/>
                <line number="584" hits="1" branch="false"/>
                <line number="585" hits="1" branch="false"/>
                <line number="586" hits="1" branch="false"/>
                <line number="588" hits="1" branch="false"/>
                <line number="590" hits="1" branch="false"/>
                <line number="596" hits="1" branch="false"/>
                <line number="599" hits="0" branch="false"/>
                <line number="601" hits="0" branch="false"/>
                <line number="603" hits="0" branch="false"/>
                <line number="605" hits="0" branch="false"/>
                <line number="606" hits="0" branch="false"/>
                <line number="607" hits="0" branch="false"/>
                <line number="608" hits="0" branch="false"/>
                <line number="609" hits="0" branch="false"/>
                <line number="610" hits="0" branch="false"/>
                <line number="611" hits="0" branch="false"/>
                <line number="612" hits="0" branch="false"/>
                <line number="613" hits="0" branch="false"/>
                <line number="614" hits="0" branch="false"/>
                <line number="615" hits="0" branch="false"/>
                <line number="616" hits="0" branch="false"/>
                <line number="617" hits="0" branch="false"/>
                <line number="618" hits="0" branch="false"/>
                <line number="619" hits="0" branch="false"/>
                <line number="620" hits="0" branch="false"/>
                <line number="621" hits="0" branch="false"/>
                <line number="622" hits="0" branch="false"/>
                <line number="623" hits="0" branch="false"/>
                <line number="624" hits="0" branch="false"/>
                <line number="625" hits="0" branch="false"/>
                <line number="626" hits="0" branch="false"/>
                <line number="627" hits="0" branch="false"/>
                <line number="632" hits="1" branch="false"/>
                <line number="635" hits="0" branch="false"/>
                <line number="638" hits="1" branch="false"/>
                <line number="639" hits="0" branch="false"/>
                <line number="641" hits="1" branch="false"/>
                <line number="645" hits="1" branch="false"/>
                <line number="646" hits="1" branch="false"/>
                <line number="648" hits="1" branch="false"/>
                <line number="649" hits="1" branch="false"/>
                <line number="650" hits="1" branch="false"/>
                <line number="651" hits="1" branch="false"/>
                <line number="652" hits="1" branch="false"/>
                <line number="654" hits="1" branch="false"/>
                <line number="660" hits="1" branch="false"/>
                <line number="662" hits="1" branch="false"/>
                <line number="663" hits="1" branch="false"/>
                <line number="664" hits="1" branch="false"/>
                <line number="665" hits="1" branch="false"/>
                <line number="666" hits="1" branch="false"/>
                <line number="667" hits="1" branch="false"/>
                <line number="671" hits="1" branch="false"/>
                <line number="672" hits="1" branch="false"/>
                <line number="675" hits="1" branch="false"/>
                <line number="676" hits="1" branch="false"/>
                <line number="677" hits="1" branch="false"/>
                <line number="678" hits="1" branch="false"/>
                <line number="681" hits="1" branch="false"/>
                <line number="682" hits="1" branch="false"/>
                <line number="684" hits="0" branch="false"/>
                <line number="686" hits="1" branch="false"/>
                <line number="687" hits="1" branch="false"/>
                <line number="690" hits="1" branch="false"/>
                <line number="691" hits="1" branch="false"/>
                <line number="693" hits="1" branch="false"/>
                <line number="694" hits="1" branch="false"/>
                <line number="700" hits="1" branch="false"/>
                <line number="702" hits="4" branch="false"/>
                <line number="703" hits="4" branch="false"/>
                <line number="704" hits="4" branch="false"/>
                <line number="705" hits="4" branch="false"/>
                <line number="706" hits="4" branch="false"/>
                <line number="707" hits="4" branch="false"/>
                <line number="708" hits="4" branch="false"/>
                <line number="712" hits="4" branch="false"/>
                <line number="713" hits="4" branch="false"/>
                <line number="714" hits="4" branch="false"/>
                <line number="717" hits="1" branch="false"/>
                <line number="718" hits="0" branch="false"/>
                <line number="719" hits="1" branch="false"/>
                <line number="720" hits="1" branch="false"/>
                <line number="721" hits="1" branch="false"/>
                <line number="726" hits="1" branch="false"/>
              </lines>
            </method>
          </methods>
          <lines>
            <line number="28" hits="8" branch="false"/>
            <line number="29" hits="8" branch="false"/>
            <line number="30" hits="8" branch="false"/>
            <line number="31" hits="8" branch="false"/>
            <line number="32" hits="8" branch="false"/>
            <line number="33" hits="8" branch="false"/>
            <line number="34" hits="8" branch="false"/>
            <line number="35" hits="8" branch="false"/>
            <line number="36" hits="8" branch="false"/>
            <line number="37" hits="8" branch="false"/>
            <line number="40" hits="8" branch="false"/>
            <line number="41" hits="1" branch="false"/>
            <line number="42" hits="1" branch="false"/>
            <line number="43" hits="1" branch="false"/>
            <line number="44" hits="1" branch="false"/>
            <line number="46" hits="7" branch="false"/>
            <line number="47" hits="7" branch="false"/>
            <line number="48" hits="1" branch="false"/>
            <line number="49" hits="1" branch="false"/>
            <line number="50" hits="1" branch="false"/>
            <line number="51" hits="1" branch="false"/>
            <line number="53" hits="6" branch="false"/>
            <line number="54" hits="1" branch="false"/>
            <line number="55" hits="1" branch="false"/>
            <line number="56" hits="1" branch="false"/>
            <line number="57" hits="1" branch="false"/>
            <line number="59" hits="5" branch="false"/>
            <line number="60" hits="1" branch="false"/>
            <line number="61" hits="1" branch="false"/>
            <line number="62" hits="1" branch="false"/>
            <line number="63" hits="1" branch="false"/>
            <line number="65" hits="4" branch="false"/>
            <line number="66" hits="1" branch="false"/>
            <line number="67" hits="1" branch="false"/>
            <line number="68" hits="1" branch="false"/>
            <line number="69" hits="1" branch="false"/>
            <line number="71" hits="3" branch="false"/>
            <line number="72" hits="1" branch="false"/>
            <line number="73" hits="1" branch="false"/>
            <line number="74" hits="1" branch="false"/>
            <line number="75" hits="1" branch="false"/>
            <line number="77" hits="2" branch="false"/>
            <line number="78" hits="1" branch="false"/>
            <line number="79" hits="1" branch="false"/>
            <line number="80" hits="1" branch="false"/>
            <line number="81" hits="1" branch="false"/>
            <line number="88" hits="1" branch="false"/>
            <line number="91" hits="1" branch="false"/>
            <line number="94" hits="0" branch="false"/>
            <line number="97" hits="1" branch="false"/>
            <line number="99" hits="1" branch="false"/>
            <line number="100" hits="1" branch="false"/>
            <line number="101" hits="1" branch="false"/>
            <line number="102" hits="1" branch="false"/>
            <line number="103" hits="1" branch="false"/>
            <line number="104" hits="1" branch="false"/>
            <line number="105" hits="1" branch="false"/>
            <line number="106" hits="1" branch="false"/>
            <line number="107" hits="1" branch="false"/>
            <line number="108" hits="1" branch="false"/>
            <line number="112" hits="0" branch="false"/>
            <line number="113" hits="0" branch="false"/>
            <line number="117" hits="1" branch="false"/>
            <line number="118" hits="1" branch="false"/>
            <line number="124" hits="1" branch="false"/>
            <line number="127" hits="1" branch="false"/>
            <line number="128" hits="1" branch="false"/>
            <line number="129" hits="1" branch="false"/>
            <line number="130" hits="1" branch="false"/>
            <line number="133" hits="1" branch="false"/>
            <line number="135" hits="1" branch="false"/>
            <line number="137" hits="1" branch="false"/>
            <line number="139" hits="1" branch="false"/>
            <line number="140" hits="1" branch="false"/>
            <line number="141" hits="1" branch="false"/>
            <line number="143" hits="1" branch="false"/>
            <line number="144" hits="1" branch="false"/>
            <line number="148" hits="1" branch="false"/>
            <line number="149" hits="1" branch="false"/>
            <line number="150" hits="1" branch="false"/>
            <line number="152" hits="1" branch="false"/>
            <line number="153" hits="1" branch="false"/>
            <line number="155" hits="1" branch="false"/>
            <line number="156" hits="1" branch="false"/>
            <line number="160" hits="1" branch="false"/>
            <line number="161" hits="1" branch="false"/>
            <line number="162" hits="1" branch="false"/>
            <line number="163" hits="1" branch="false"/>
            <line number="164" hits="1" branch="false"/>
            <line number="165" hits="1" branch="false"/>
            <line number="166" hits="1" branch="false"/>
            <line number="167" hits="1" branch="false"/>
            <line number="170" hits="1" branch="false"/>
            <line number="171" hits="1" branch="false"/>
            <line number="172" hits="1" branch="false"/>
            <line number="173" hits="1" branch="false"/>
            <line number="177" hits="1" branch="false"/>
            <line number="178" hits="1" branch="false"/>
            <line number="179" hits="1" branch="false"/>
            <line number="180" hits="1" branch="false"/>
            <line number="181" hits="1" branch="false"/>
            <line number="182" hits="1" branch="false"/>
            <line number="183" hits="1" branch="false"/>
            <line number="184" hits="1" branch="false"/>
            <line number="185" hits="1" branch="false"/>
            <line number="186" hits="1" branch="false"/>
            <line number="188" hits="1" branch="false"/>
            <line number="189" hits="1" branch="false"/>
            <line number="190" hits="1" branch="false"/>
            <line number="191" hits="1" branch="false"/>
            <line number="192" hits="1" branch="false"/>
            <line number="194" hits="1" branch="false"/>
            <line number="195" hits="1" branch="false"/>
            <line number="196" hits="1" branch="false"/>
            <line number="197" hits="1" branch="false"/>
            <line number="198" hits="1" branch="false"/>
            <line number="200" hits="1" branch="false"/>
            <line number="201" hits="1" branch="false"/>
            <line number="202" hits="1" branch="false"/>
            <line number="203" hits="1" branch="false"/>
            <line number="206" hits="1" branch="false"/>
            <line number="207" hits="1" branch="false"/>
            <line number="208" hits="1" branch="false"/>
            <line number="209" hits="1" branch="false"/>
            <line number="214" hits="1" branch="false"/>
            <line number="215" hits="1" branch="false"/>
            <line number="216" hits="1" branch="false"/>
            <line number="217" hits="1" branch="false"/>
            <line number="218" hits="1" branch="false"/>
            <line number="219" hits="1" branch="false"/>
            <line number="223" hits="1" branch="false"/>
            <line number="227" hits="1" branch="false"/>
            <line number="228" hits="1" branch="false"/>
            <line number="229" hits="1" branch="false"/>
            <line number="230" hits="1" branch="false"/>
            <line number="231" hits="1" branch="false"/>
            <line number="232" hits="1" branch="false"/>
            <line number="233" hits="1" branch="false"/>
            <line number="234" hits="1" branch="false"/>
            <line number="235" hits="1" branch="false"/>
            <line number="236" hits="1" branch="false"/>
            <line number="237" hits="1" branch="false"/>
            <line number="238" hits="1" branch="false"/>
            <line number="239" hits="1" branch="false"/>
            <line number="241" hits="1" branch="false"/>
            <line number="242" hits="1" branch="false"/>
            <line number="243" hits="1" branch="false"/>
            <line number="244" hits="1" branch="false"/>
            <line number="247" hits="1" branch="false"/>
            <line number="248" hits="1" branch="false"/>
            <line number="249" hits="1" branch="false"/>
            <line number="250" hits="1" branch="false"/>
            <line number="251" hits="1" branch="false"/>
            <line number="252" hits="1" branch="false"/>
            <line number="253" hits="1" branch="false"/>
            <line number="254" hits="1" branch="false"/>
            <line number="255" hits="1" branch="false"/>
            <line number="256" hits="1" branch="false"/>
            <line number="258" hits="1" branch="false"/>
            <line number="259" hits="1" branch="false"/>
            <line number="260" hits="1" branch="false"/>
            <line number="261" hits="1" branch="false"/>
            <line number="262" hits="1" branch="false"/>
            <line number="263" hits="1" branch="false"/>
            <line number="264" hits="1" branch="false"/>
            <line number="265" hits="1" branch="false"/>
            <line number="266" hits="1" branch="false"/>
            <line number="267" hits="1" branch="false"/>
            <line number="268" hits="1" branch="false"/>
            <line number="269" hits="1" branch="false"/>
            <line number="270" hits="1" branch="false"/>
            <line number="274" hits="1" branch="false"/>
            <line number="275" hits="1" branch="false"/>
            <line number="277" hits="1" branch="false"/>
            <line number="278" hits="1" branch="false"/>
            <line number="279" hits="1" branch="false"/>
            <line number="280" hits="1" branch="false"/>
            <line number="281" hits="1" branch="false"/>
            <line number="282" hits="1" branch="false"/>
            <line number="284" hits="1" branch="false"/>
            <line number="285" hits="1" branch="false"/>
            <line number="287" hits="1" branch="false"/>
            <line number="288" hits="1" branch="false"/>
            <line number="289" hits="1" branch="false"/>
            <line number="290" hits="1" branch="false"/>
            <line number="291" hits="1" branch="false"/>
            <line number="292" hits="1" branch="false"/>
            <line number="298" hits="1" branch="false"/>
            <line number="299" hits="1" branch="false"/>
            <line number="300" hits="1" branch="false"/>
            <line number="301" hits="1" branch="false"/>
            <line number="302" hits="1" branch="false"/>
            <line number="303" hits="1" branch="false"/>
            <line number="304" hits="1" branch="false"/>
            <line number="305" hits="1" branch="false"/>
            <line number="306" hits="1" branch="false"/>
            <line number="309" hits="1" branch="false"/>
            <line number="310" hits="1" branch="false"/>
            <line number="311" hits="1" branch="false"/>
            <line number="312" hits="1" branch="false"/>
            <line number="313" hits="1" branch="false"/>
            <line number="314" hits="1" branch="false"/>
            <line number="315" hits="1" branch="false"/>
            <line number="316" hits="1" branch="false"/>
            <line number="318" hits="1" branch="false"/>
            <line number="321" hits="1" branch="false"/>
            <line number="322" hits="1" branch="false"/>
            <line number="323" hits="1" branch="false"/>
            <line number="324" hits="1" branch="false"/>
            <line number="325" hits="1" branch="false"/>
            <line number="326" hits="1" branch="false"/>
            <line number="327" hits="1" branch="false"/>
            <line number="328" hits="1" branch="false"/>
            <line number="329" hits="1" branch="false"/>
            <line number="332" hits="1" branch="false"/>
            <line number="333" hits="1" branch="false"/>
            <line number="334" hits="1" branch="false"/>
            <line number="335" hits="1" branch="false"/>
            <line number="338" hits="1" branch="false"/>
            <line number="339" hits="1" branch="false"/>
            <line number="340" hits="1" branch="false"/>
            <line number="341" hits="1" branch="false"/>
            <line number="342" hits="1" branch="false"/>
            <line number="343" hits="1" branch="false"/>
            <line number="344" hits="1" branch="false"/>
            <line number="345" hits="1" branch="false"/>
            <line number="346" hits="1" branch="false"/>
            <line number="347" hits="1" branch="false"/>
            <line number="348" hits="1" branch="false"/>
            <line number="349" hits="1" branch="false"/>
            <line number="351" hits="1" branch="false"/>
            <line number="352" hits="1" branch="false"/>
            <line number="353" hits="1" branch="false"/>
            <line number="354" hits="1" branch="false"/>
            <line number="355" hits="1" branch="false"/>
            <line number="357" hits="1" branch="false"/>
            <line number="359" hits="1" branch="false"/>
            <line number="361" hits="1" branch="false"/>
            <line number="362" hits="1" branch="false"/>
            <line number="363" hits="1" branch="false"/>
            <line number="364" hits="1" branch="false"/>
            <line number="365" hits="1" branch="false"/>
            <line number="366" hits="1" branch="false"/>
            <line number="367" hits="1" branch="false"/>
            <line number="369" hits="1" branch="false"/>
            <line number="370" hits="1" branch="false"/>
            <line number="372" hits="1" branch="false"/>
            <line number="374" hits="1" branch="false"/>
            <line number="376" hits="1" branch="false"/>
            <line number="377" hits="1" branch="false"/>
            <line number="378" hits="1" branch="false"/>
            <line number="380" hits="1" branch="false"/>
            <line number="381" hits="1" branch="false"/>
            <line number="383" hits="1" branch="false"/>
            <line number="384" hits="1" branch="false"/>
            <line number="387" hits="1" branch="false"/>
            <line number="388" hits="1" branch="false"/>
            <line number="389" hits="1" branch="false"/>
            <line number="390" hits="1" branch="false"/>
            <line number="391" hits="1" branch="false"/>
            <line number="392" hits="1" branch="false"/>
            <line number="393" hits="1" branch="false"/>
            <line number="394" hits="1" branch="false"/>
            <line number="395" hits="1" branch="false"/>
            <line number="396" hits="1" branch="false"/>
            <line number="397" hits="1" branch="false"/>
            <line number="398" hits="1" branch="false"/>
            <line number="399" hits="1" branch="false"/>
            <line number="400" hits="1" branch="false"/>
            <line number="401" hits="1" branch="false"/>
            <line number="402" hits="1" branch="false"/>
            <line number="404" hits="1" branch="false"/>
            <line number="406" hits="1" branch="false"/>
            <line number="407" hits="1" branch="false"/>
            <line number="408" hits="1" branch="false"/>
            <line number="409" hits="1" branch="false"/>
            <line number="410" hits="1" branch="false"/>
            <line number="411" hits="1" branch="false"/>
            <line number="412" hits="1" branch="false"/>
            <line number="415" hits="1" branch="false"/>
            <line number="416" hits="1" branch="false"/>
            <line number="417" hits="1" branch="false"/>
            <line number="419" hits="1" branch="false"/>
            <line number="420" hits="1" branch="false"/>
            <line number="421" hits="1" branch="false"/>
            <line number="424" hits="1" branch="false"/>
            <line number="426" hits="1" branch="false"/>
            <line number="427" hits="1" branch="false"/>
            <line number="429" hits="1" branch="false"/>
            <line number="431" hits="1" branch="false"/>
            <line number="432" hits="1" branch="false"/>
            <line number="433" hits="1" branch="false"/>
            <line number="435" hits="1" branch="false"/>
            <line number="436" hits="1" branch="false"/>
            <line number="438" hits="1" branch="false"/>
            <line number="439" hits="1" branch="false"/>
            <line number="443" hits="1" branch="false"/>
            <line number="444" hits="1" branch="false"/>
            <line number="445" hits="1" branch="false"/>
            <line number="446" hits="1" branch="false"/>
            <line number="448" hits="1" branch="false"/>
            <line number="449" hits="1" branch="false"/>
            <line number="450" hits="1" branch="false"/>
            <line number="451" hits="1" branch="false"/>
            <line number="452" hits="1" branch="false"/>
            <line number="453" hits="1" branch="false"/>
            <line number="454" hits="1" branch="false"/>
            <line number="456" hits="1" branch="false"/>
            <line number="457" hits="1" branch="false"/>
            <line number="458" hits="1" branch="false"/>
            <line number="459" hits="1" branch="false"/>
            <line number="460" hits="1" branch="false"/>
            <line number="467" hits="1" branch="false"/>
            <line number="468" hits="1" branch="false"/>
            <line number="469" hits="1" branch="false"/>
            <line number="470" hits="1" branch="false"/>
            <line number="472" hits="1" branch="false"/>
            <line number="473" hits="1" branch="false"/>
            <line number="474" hits="1" branch="false"/>
            <line number="475" hits="1" branch="false"/>
            <line number="476" hits="1" branch="false"/>
            <line number="477" hits="1" branch="false"/>
            <line number="478" hits="1" branch="false"/>
            <line number="480" hits="1" branch="false"/>
            <line number="481" hits="1" branch="false"/>
            <line number="482" hits="1" branch="false"/>
            <line number="484" hits="1" branch="false"/>
            <line number="485" hits="1" branch="false"/>
            <line number="487" hits="1" branch="false"/>
            <line number="488" hits="1" branch="false"/>
            <line number="489" hits="1" branch="false"/>
            <line number="490" hits="1" branch="false"/>
            <line number="492" hits="1" branch="false"/>
            <line number="493" hits="1" branch="false"/>
            <line number="494" hits="1" branch="false"/>
            <line number="495" hits="1" branch="false"/>
            <line number="496" hits="1" branch="false"/>
            <line number="497" hits="1" branch="false"/>
            <line number="499" hits="1" branch="false"/>
            <line number="500" hits="1" branch="false"/>
            <line number="501" hits="1" branch="false"/>
            <line number="505" hits="1" branch="false"/>
            <line number="506" hits="1" branch="false"/>
            <line number="507" hits="1" branch="false"/>
            <line number="508" hits="1" branch="false"/>
            <line number="510" hits="1" branch="false"/>
            <line number="511" hits="1" branch="false"/>
            <line number="512" hits="1" branch="false"/>
            <line number="513" hits="1" branch="false"/>
            <line number="514" hits="1" branch="false"/>
            <line number="515" hits="1" branch="false"/>
            <line number="516" hits="1" branch="false"/>
            <line number="518" hits="1" branch="false"/>
            <line number="519" hits="1" branch="false"/>
            <line number="520" hits="1" branch="false"/>
            <line number="522" hits="1" branch="false"/>
            <line number="523" hits="1" branch="false"/>
            <line number="525" hits="1" branch="false"/>
            <line number="526" hits="1" branch="false"/>
            <line number="527" hits="1" branch="false"/>
            <line number="528" hits="1" branch="false"/>
            <line number="529" hits="1" branch="false"/>
            <line number="530" hits="1" branch="false"/>
            <line number="531" hits="1" branch="false"/>
            <line number="532" hits="1" branch="false"/>
            <line number="534" hits="1" branch="false"/>
            <line number="535" hits="1" branch="false"/>
            <line number="536" hits="1" branch="false"/>
            <line number="537" hits="1" branch="false"/>
            <line number="538" hits="1" branch="false"/>
            <line number="539" hits="1" branch="false"/>
            <line number="541" hits="1" branch="false"/>
            <line number="542" hits="1" branch="false"/>
            <line number="543" hits="1" branch="false"/>
            <line number="545" hits="1" branch="false"/>
            <line number="552" hits="1" branch="false"/>
            <line number="556" hits="1" branch="false"/>
            <line number="558" hits="1" branch="false"/>
            <line number="560" hits="1" branch="false"/>
            <line number="561" hits="1" branch="false"/>
            <line number="562" hits="1" branch="false"/>
            <line number="563" hits="1" branch="false"/>
            <line number="564" hits="1" branch="false"/>
            <line number="565" hits="1" branch="false"/>
            <line number="566" hits="1" branch="false"/>
            <line number="567" hits="1" branch="false"/>
            <line number="568" hits="1" branch="false"/>
            <line number="570" hits="1" branch="false"/>
            <line number="571" hits="1" branch="false"/>
            <line number="572" hits="1" branch="false"/>
            <line number="573" hits="1" branch="false"/>
            <line number="574" hits="1" branch="false"/>
            <line number="575" hits="1" branch="false"/>
            <line number="576" hits="1" branch="false"/>
            <line number="577" hits="1" branch="false"/>
            <line number="578" hits="1" branch="false"/>
            <line number="579" hits="1" branch="false"/>
            <line number="583" hits="1" branch="false"/>
            <line number="584" hits="1" branch="false"/>
            <line number="585" hits="1" branch="false"/>
            <line number="586" hits="1" branch="false"/>
            <line number="588" hits="1" branch="false"/>
            <line number="590" hits="1" branch="false"/>
            <line number="596" hits="1" branch="false"/>
            <line number="599" hits="0" branch="false"/>
            <line number="601" hits="0" branch="false"/>
            <line number="603" hits="0" branch="false"/>
            <line number="605" hits="0" branch="false"/>
            <line number="606" hits="0" branch="false"/>
            <line number="607" hits="0" branch="false"/>
            <line number="608" hits="0" branch="false"/>
            <line number="609" hits="0" branch="false"/>
            <line number="610" hits="0" branch="false"/>
            <line number="611" hits="0" branch="false"/>
            <line number="612" hits="0" branch="false"/>
            <line number="613" hits="0" branch="false"/>
            <line number="614" hits="0" branch="false"/>
            <line number="615" hits="0" branch="false"/>
            <line number="616" hits="0" branch="false"/>
            <line number="617" hits="0" branch="false"/>
            <line number="618" hits="0" branch="false"/>
            <line number="619" hits="0" branch="false"/>
            <line number="620" hits="0" branch="false"/>
            <line number="621" hits="0" branch="false"/>
            <line number="622" hits="0" branch="false"/>
            <line number="623" hits="0" branch="false"/>
            <line number="624" hits="0" branch="false"/>
            <line number="625" hits="0" branch="false"/>
            <line number="626" hits="0" branch="false"/>
            <line number="627" hits="0" branch="false"/>
            <line number="632" hits="1" branch="false"/>
            <line number="635" hits="0" branch="false"/>
            <line number="638" hits="1" branch="false"/>
            <line number="639" hits="0" branch="false"/>
            <line number="641" hits="1" branch="false"/>
            <line number="645" hits="1" branch="false"/>
            <line number="646" hits="1" branch="false"/>
            <line number="648" hits="1" branch="false"/>
            <line number="649" hits="1" branch="false"/>
            <line number="650" hits="1" branch="false"/>
            <line number="651" hits="1" branch="false"/>
            <line number="652" hits="1" branch="false"/>
            <line number="654" hits="1" branch="false"/>
            <line number="660" hits="1" branch="false"/>
            <line number="662" hits="1" branch="false"/>
            <line number="663" hits="1" branch="false"/>
            <line number="664" hits="1" branch="false"/>
            <line number="665" hits="1" branch="false"/>
            <line number="666" hits="1" branch="false"/>
            <line number="667" hits="1" branch="false"/>
            <line number="671" hits="1" branch="false"/>
            <line number="672" hits="1" branch="false"/>
            <line number="675" hits="1" branch="false"/>
            <line number="676" hits="1" branch="false"/>
            <line number="677" hits="1" branch="false"/>
            <line number="678" hits="1" branch="false"/>
            <line number="681" hits="1" branch="false"/>
            <line number="682" hits="1" branch="false"/>
            <line number="684" hits="0" branch="false"/>
            <line number="686" hits="1" branch="false"/>
            <line number="687" hits="1" branch="false"/>
            <line number="690" hits="1" branch="false"/>
            <line number="691" hits="1" branch="false"/>
            <line number="693" hits="1" branch="false"/>
            <line number="694" hits="1" branch="false"/>
            <line number="700" hits="1" branch="false"/>
            <line number="702" hits="4" branch="false"/>
            <line number="703" hits="4" branch="false"/>
            <line number="704" hits="4" branch="false"/>
            <line number="705" hits="4" branch="false"/>
            <line number="706" hits="4" branch="false"/>
            <line number="707" hits="4" branch="false"/>
            <line number="708" hits="4" branch="false"/>
            <line number="712" hits="4" branch="false"/>
            <line number="713" hits="4" branch="false"/>
            <line number="714" hits="4" branch="false"/>
            <line number="717" hits="1" branch="false"/>
            <line number="718" hits="0" branch="false"/>
            <line number="719" hits="1" branch="false"/>
            <line number="720" hits="1" branch="false"/>
            <line number="721" hits="1" branch="false"/>
            <line number="726" hits="1" branch="false"/>
          </lines>
        </class>
        <class name="calc_ResidEm_grp.R" filename="R/calc_ResidEm_grp.R" line-rate="0.923076923076923" branch-rate="0" complexity="0">
          <methods>
            <method name="calc_ResidEm_grp" signature="" line-rate="0.923076923076923" branch-rate="0" complexity="0">
              <lines>
                <line number="27" hits="6" branch="false"/>
                <line number="28" hits="6" branch="false"/>
                <line number="31" hits="0" branch="false"/>
                <line number="34" hits="0" branch="false"/>
                <line number="35" hits="0" branch="false"/>
                <line number="36" hits="0" branch="false"/>
                <line number="38" hits="6" branch="false"/>
                <line number="39" hits="6" branch="false"/>
                <line number="40" hits="1" branch="false"/>
                <line number="41" hits="1" branch="false"/>
                <line number="42" hits="1" branch="false"/>
                <line number="43" hits="1" branch="false"/>
                <line number="45" hits="5" branch="false"/>
                <line number="46" hits="1" branch="false"/>
                <line number="47" hits="1" branch="false"/>
                <line number="48" hits="1" branch="false"/>
                <line number="49" hits="1" branch="false"/>
                <line number="51" hits="4" branch="false"/>
                <line number="52" hits="1" branch="false"/>
                <line number="53" hits="1" branch="false"/>
                <line number="54" hits="1" branch="false"/>
                <line number="55" hits="1" branch="false"/>
                <line number="60" hits="3" branch="false"/>
                <line number="61" hits="3" branch="false"/>
                <line number="62" hits="3" branch="false"/>
                <line number="63" hits="3" branch="false"/>
                <line number="64" hits="3" branch="false"/>
                <line number="65" hits="3" branch="false"/>
                <line number="66" hits="3" branch="false"/>
                <line number="67" hits="3" branch="false"/>
                <line number="68" hits="3" branch="false"/>
                <line number="69" hits="3" branch="false"/>
                <line number="70" hits="3" branch="false"/>
                <line number="74" hits="0" branch="false"/>
                <line number="75" hits="0" branch="false"/>
                <line number="79" hits="3" branch="false"/>
                <line number="80" hits="3" branch="false"/>
                <line number="82" hits="3" branch="false"/>
                <line number="83" hits="1" branch="false"/>
                <line number="84" hits="1" branch="false"/>
                <line number="85" hits="1" branch="false"/>
                <line number="86" hits="1" branch="false"/>
                <line number="89" hits="2" branch="false"/>
                <line number="92" hits="2" branch="false"/>
                <line number="94" hits="2" branch="false"/>
                <line number="96" hits="2" branch="false"/>
                <line number="98" hits="2" branch="false"/>
                <line number="99" hits="2" branch="false"/>
                <line number="100" hits="2" branch="false"/>
                <line number="102" hits="2" branch="false"/>
                <line number="103" hits="2" branch="false"/>
                <line number="105" hits="2" branch="false"/>
                <line number="106" hits="2" branch="false"/>
                <line number="107" hits="2" branch="false"/>
                <line number="109" hits="2" branch="false"/>
                <line number="112" hits="2" branch="false"/>
                <line number="113" hits="2" branch="false"/>
                <line number="114" hits="2" branch="false"/>
                <line number="115" hits="2" branch="false"/>
                <line number="116" hits="2" branch="false"/>
                <line number="117" hits="2" branch="false"/>
                <line number="120" hits="2" branch="false"/>
                <line number="121" hits="2" branch="false"/>
                <line number="122" hits="2" branch="false"/>
                <line number="123" hits="2" branch="false"/>
                <line number="124" hits="2" branch="false"/>
                <line number="126" hits="2" branch="false"/>
                <line number="127" hits="2" branch="false"/>
                <line number="128" hits="2" branch="false"/>
                <line number="129" hits="2" branch="false"/>
                <line number="130" hits="2" branch="false"/>
                <line number="131" hits="2" branch="false"/>
                <line number="132" hits="2" branch="false"/>
                <line number="133" hits="2" branch="false"/>
                <line number="137" hits="2" branch="false"/>
                <line number="138" hits="2" branch="false"/>
                <line number="139" hits="2" branch="false"/>
                <line number="140" hits="2" branch="false"/>
                <line number="141" hits="2" branch="false"/>
                <line number="142" hits="2" branch="false"/>
                <line number="143" hits="2" branch="false"/>
                <line number="144" hits="2" branch="false"/>
                <line number="145" hits="2" branch="false"/>
                <line number="147" hits="2" branch="false"/>
                <line number="149" hits="0" branch="false"/>
                <line number="151" hits="2" branch="false"/>
                <line number="152" hits="2" branch="false"/>
                <line number="153" hits="2" branch="false"/>
                <line number="154" hits="2" branch="false"/>
                <line number="155" hits="2" branch="false"/>
                <line number="159" hits="2" branch="false"/>
                <line number="162" hits="0" branch="false"/>
                <line number="163" hits="0" branch="false"/>
                <line number="165" hits="2" branch="false"/>
                <line number="166" hits="2" branch="false"/>
                <line number="167" hits="2" branch="false"/>
                <line number="168" hits="2" branch="false"/>
                <line number="169" hits="2" branch="false"/>
                <line number="170" hits="2" branch="false"/>
                <line number="171" hits="2" branch="false"/>
                <line number="172" hits="2" branch="false"/>
                <line number="173" hits="2" branch="false"/>
                <line number="174" hits="2" branch="false"/>
                <line number="175" hits="2" branch="false"/>
                <line number="176" hits="2" branch="false"/>
                <line number="177" hits="2" branch="false"/>
                <line number="178" hits="2" branch="false"/>
                <line number="179" hits="2" branch="false"/>
                <line number="180" hits="2" branch="false"/>
                <line number="181" hits="2" branch="false"/>
                <line number="182" hits="2" branch="false"/>
                <line number="183" hits="2" branch="false"/>
                <line number="184" hits="2" branch="false"/>
                <line number="185" hits="2" branch="false"/>
                <line number="186" hits="2" branch="false"/>
                <line number="187" hits="2" branch="false"/>
                <line number="193" hits="2" branch="false"/>
              </lines>
            </method>
          </methods>
          <lines>
            <line number="27" hits="6" branch="false"/>
            <line number="28" hits="6" branch="false"/>
            <line number="31" hits="0" branch="false"/>
            <line number="34" hits="0" branch="false"/>
            <line number="35" hits="0" branch="false"/>
            <line number="36" hits="0" branch="false"/>
            <line number="38" hits="6" branch="false"/>
            <line number="39" hits="6" branch="false"/>
            <line number="40" hits="1" branch="false"/>
            <line number="41" hits="1" branch="false"/>
            <line number="42" hits="1" branch="false"/>
            <line number="43" hits="1" branch="false"/>
            <line number="45" hits="5" branch="false"/>
            <line number="46" hits="1" branch="false"/>
            <line number="47" hits="1" branch="false"/>
            <line number="48" hits="1" branch="false"/>
            <line number="49" hits="1" branch="false"/>
            <line number="51" hits="4" branch="false"/>
            <line number="52" hits="1" branch="false"/>
            <line number="53" hits="1" branch="false"/>
            <line number="54" hits="1" branch="false"/>
            <line number="55" hits="1" branch="false"/>
            <line number="60" hits="3" branch="false"/>
            <line number="61" hits="3" branch="false"/>
            <line number="62" hits="3" branch="false"/>
            <line number="63" hits="3" branch="false"/>
            <line number="64" hits="3" branch="false"/>
            <line number="65" hits="3" branch="false"/>
            <line number="66" hits="3" branch="false"/>
            <line number="67" hits="3" branch="false"/>
            <line number="68" hits="3" branch="false"/>
            <line number="69" hits="3" branch="false"/>
            <line number="70" hits="3" branch="false"/>
            <line number="74" hits="0" branch="false"/>
            <line number="75" hits="0" branch="false"/>
            <line number="79" hits="3" branch="false"/>
            <line number="80" hits="3" branch="false"/>
            <line number="82" hits="3" branch="false"/>
            <line number="83" hits="1" branch="false"/>
            <line number="84" hits="1" branch="false"/>
            <line number="85" hits="1" branch="false"/>
            <line number="86" hits="1" branch="false"/>
            <line number="89" hits="2" branch="false"/>
            <line number="92" hits="2" branch="false"/>
            <line number="94" hits="2" branch="false"/>
            <line number="96" hits="2" branch="false"/>
            <line number="98" hits="2" branch="false"/>
            <line number="99" hits="2" branch="false"/>
            <line number="100" hits="2" branch="false"/>
            <line number="102" hits="2" branch="false"/>
            <line number="103" hits="2" branch="false"/>
            <line number="105" hits="2" branch="false"/>
            <line number="106" hits="2" branch="false"/>
            <line number="107" hits="2" branch="false"/>
            <line number="109" hits="2" branch="false"/>
            <line number="112" hits="2" branch="false"/>
            <line number="113" hits="2" branch="false"/>
            <line number="114" hits="2" branch="false"/>
            <line number="115" hits="2" branch="false"/>
            <line number="116" hits="2" branch="false"/>
            <line number="117" hits="2" branch="false"/>
            <line number="120" hits="2" branch="false"/>
            <line number="121" hits="2" branch="false"/>
            <line number="122" hits="2" branch="false"/>
            <line number="123" hits="2" branch="false"/>
            <line number="124" hits="2" branch="false"/>
            <line number="126" hits="2" branch="false"/>
            <line number="127" hits="2" branch="false"/>
            <line number="128" hits="2" branch="false"/>
            <line number="129" hits="2" branch="false"/>
            <line number="130" hits="2" branch="false"/>
            <line number="131" hits="2" branch="false"/>
            <line number="132" hits="2" branch="false"/>
            <line number="133" hits="2" branch="false"/>
            <line number="137" hits="2" branch="false"/>
            <line number="138" hits="2" branch="false"/>
            <line number="139" hits="2" branch="false"/>
            <line number="140" hits="2" branch="false"/>
            <line number="141" hits="2" branch="false"/>
            <line number="142" hits="2" branch="false"/>
            <line number="143" hits="2" branch="false"/>
            <line number="144" hits="2" branch="false"/>
            <line number="145" hits="2" branch="false"/>
            <line number="147" hits="2" branch="false"/>
            <line number="149" hits="0" branch="false"/>
            <line number="151" hits="2" branch="false"/>
            <line number="152" hits="2" branch="false"/>
            <line number="153" hits="2" branch="false"/>
            <line number="154" hits="2" branch="false"/>
            <line number="155" hits="2" branch="false"/>
            <line number="159" hits="2" branch="false"/>
            <line number="162" hits="0" branch="false"/>
            <line number="163" hits="0" branch="false"/>
            <line number="165" hits="2" branch="false"/>
            <line number="166" hits="2" branch="false"/>
            <line number="167" hits="2" branch="false"/>
            <line number="168" hits="2" branch="false"/>
            <line number="169" hits="2" branch="false"/>
            <line number="170" hits="2" branch="false"/>
            <line number="171" hits="2" branch="false"/>
            <line number="172" hits="2" branch="false"/>
            <line number="173" hits="2" branch="false"/>
            <line number="174" hits="2" branch="false"/>
            <line number="175" hits="2" branch="false"/>
            <line number="176" hits="2" branch="false"/>
            <line number="177" hits="2" branch="false"/>
            <line number="178" hits="2" branch="false"/>
            <line number="179" hits="2" branch="false"/>
            <line number="180" hits="2" branch="false"/>
            <line number="181" hits="2" branch="false"/>
            <line number="182" hits="2" branch="false"/>
            <line number="183" hits="2" branch="false"/>
            <line number="184" hits="2" branch="false"/>
            <line number="185" hits="2" branch="false"/>
            <line number="186" hits="2" branch="false"/>
            <line number="187" hits="2" branch="false"/>
            <line number="193" hits="2" branch="false"/>
          </lines>
        </class>
        <class name="create_panel.R" filename="R/create_panel.R" line-rate="0.995670995670996" branch-rate="0" complexity="0">
          <methods>
            <method name="create_panel" signature="" line-rate="0.995670995670996" branch-rate="0" complexity="0">
              <lines>
                <line number="33" hits="1" branch="false"/>
                <line number="34" hits="1" branch="false"/>
                <line number="35" hits="1" branch="false"/>
                <line number="36" hits="1" branch="false"/>
                <line number="37" hits="1" branch="false"/>
                <line number="38" hits="1" branch="false"/>
                <line number="39" hits="1" branch="false"/>
                <line number="40" hits="1" branch="false"/>
                <line number="41" hits="1" branch="false"/>
                <line number="42" hits="1" branch="false"/>
                <line number="43" hits="1" branch="false"/>
                <line number="49" hits="1" branch="false"/>
                <line number="51" hits="1" branch="false"/>
                <line number="52" hits="1" branch="false"/>
                <line number="54" hits="1" branch="false"/>
                <line number="56" hits="1" branch="false"/>
                <line number="58" hits="1" branch="false"/>
                <line number="60" hits="1" branch="false"/>
                <line number="61" hits="1" branch="false"/>
                <line number="62" hits="1" branch="false"/>
                <line number="64" hits="1" branch="false"/>
                <line number="65" hits="1" branch="false"/>
                <line number="72" hits="1" branch="false"/>
                <line number="74" hits="1" branch="false"/>
                <line number="77" hits="1" branch="false"/>
                <line number="78" hits="1" branch="false"/>
                <line number="80" hits="1" branch="false"/>
                <line number="81" hits="1" branch="false"/>
                <line number="82" hits="1" branch="false"/>
                <line number="83" hits="1" branch="false"/>
                <line number="84" hits="1" branch="false"/>
                <line number="85" hits="1" branch="false"/>
                <line number="86" hits="1" branch="false"/>
                <line number="87" hits="1" branch="false"/>
                <line number="88" hits="1" branch="false"/>
                <line number="89" hits="1" branch="false"/>
                <line number="90" hits="1" branch="false"/>
                <line number="91" hits="1" branch="false"/>
                <line number="92" hits="1" branch="false"/>
                <line number="93" hits="1" branch="false"/>
                <line number="94" hits="1" branch="false"/>
                <line number="95" hits="1" branch="false"/>
                <line number="96" hits="1" branch="false"/>
                <line number="97" hits="1" branch="false"/>
                <line number="100" hits="1" branch="false"/>
                <line number="101" hits="1" branch="false"/>
                <line number="102" hits="1" branch="false"/>
                <line number="103" hits="1" branch="false"/>
                <line number="104" hits="1" branch="false"/>
                <line number="105" hits="1" branch="false"/>
                <line number="108" hits="1" branch="false"/>
                <line number="109" hits="1" branch="false"/>
                <line number="110" hits="1" branch="false"/>
                <line number="111" hits="1" branch="false"/>
                <line number="112" hits="1" branch="false"/>
                <line number="113" hits="1" branch="false"/>
                <line number="117" hits="1" branch="false"/>
                <line number="118" hits="1" branch="false"/>
                <line number="119" hits="1" branch="false"/>
                <line number="120" hits="1" branch="false"/>
                <line number="127" hits="1" branch="false"/>
                <line number="128" hits="1" branch="false"/>
                <line number="133" hits="1" branch="false"/>
                <line number="134" hits="1" branch="false"/>
                <line number="135" hits="1" branch="false"/>
                <line number="136" hits="1" branch="false"/>
                <line number="137" hits="1" branch="false"/>
                <line number="139" hits="1" branch="false"/>
                <line number="141" hits="1" branch="false"/>
                <line number="142" hits="1" branch="false"/>
                <line number="143" hits="1" branch="false"/>
                <line number="144" hits="1" branch="false"/>
                <line number="145" hits="1" branch="false"/>
                <line number="146" hits="1" branch="false"/>
                <line number="147" hits="1" branch="false"/>
                <line number="149" hits="1" branch="false"/>
                <line number="152" hits="1" branch="false"/>
                <line number="153" hits="1" branch="false"/>
                <line number="154" hits="1" branch="false"/>
                <line number="156" hits="1" branch="false"/>
                <line number="158" hits="1" branch="false"/>
                <line number="159" hits="1" branch="false"/>
                <line number="160" hits="1" branch="false"/>
                <line number="161" hits="1" branch="false"/>
                <line number="163" hits="1" branch="false"/>
                <line number="165" hits="1" branch="false"/>
                <line number="166" hits="1" branch="false"/>
                <line number="167" hits="1" branch="false"/>
                <line number="168" hits="1" branch="false"/>
                <line number="170" hits="1" branch="false"/>
                <line number="172" hits="1" branch="false"/>
                <line number="173" hits="1" branch="false"/>
                <line number="174" hits="1" branch="false"/>
                <line number="175" hits="1" branch="false"/>
                <line number="177" hits="1" branch="false"/>
                <line number="181" hits="1" branch="false"/>
                <line number="183" hits="1" branch="false"/>
                <line number="184" hits="1" branch="false"/>
                <line number="185" hits="1" branch="false"/>
                <line number="186" hits="1" branch="false"/>
                <line number="187" hits="1" branch="false"/>
                <line number="192" hits="1" branch="false"/>
                <line number="193" hits="1" branch="false"/>
                <line number="194" hits="1" branch="false"/>
                <line number="196" hits="1" branch="false"/>
                <line number="199" hits="1" branch="false"/>
                <line number="200" hits="1" branch="false"/>
                <line number="201" hits="1" branch="false"/>
                <line number="202" hits="1" branch="false"/>
                <line number="203" hits="1" branch="false"/>
                <line number="204" hits="1" branch="false"/>
                <line number="205" hits="1" branch="false"/>
                <line number="206" hits="1" branch="false"/>
                <line number="207" hits="1" branch="false"/>
                <line number="208" hits="1" branch="false"/>
                <line number="212" hits="1" branch="false"/>
                <line number="213" hits="1" branch="false"/>
                <line number="214" hits="1" branch="false"/>
                <line number="215" hits="1" branch="false"/>
                <line number="218" hits="1" branch="false"/>
                <line number="219" hits="1" branch="false"/>
                <line number="220" hits="1" branch="false"/>
                <line number="221" hits="1" branch="false"/>
                <line number="222" hits="1" branch="false"/>
                <line number="225" hits="1" branch="false"/>
                <line number="226" hits="1" branch="false"/>
                <line number="227" hits="1" branch="false"/>
                <line number="229" hits="1" branch="false"/>
[...]
            <line number="165" hits="1" branch="false"/>
            <line number="166" hits="1" branch="false"/>
            <line number="167" hits="1" branch="false"/>
            <line number="168" hits="1" branch="false"/>
            <line number="170" hits="1" branch="false"/>
            <line number="172" hits="1" branch="false"/>
            <line number="173" hits="1" branch="false"/>
            <line number="174" hits="1" branch="false"/>
            <line number="175" hits="1" branch="false"/>
            <line number="177" hits="1" branch="false"/>
            <line number="181" hits="1" branch="false"/>
            <line number="183" hits="1" branch="false"/>
            <line number="184" hits="1" branch="false"/>
            <line number="185" hits="1" branch="false"/>
            <line number="186" hits="1" branch="false"/>
            <line number="187" hits="1" branch="false"/>
            <line number="192" hits="1" branch="false"/>
            <line number="193" hits="1" branch="false"/>
            <line number="194" hits="1" branch="false"/>
            <line number="196" hits="1" branch="false"/>
            <line number="199" hits="1" branch="false"/>
            <line number="200" hits="1" branch="false"/>
            <line number="201" hits="1" branch="false"/>
            <line number="202" hits="1" branch="false"/>
            <line number="203" hits="1" branch="false"/>
            <line number="204" hits="1" branch="false"/>
            <line number="205" hits="1" branch="false"/>
            <line number="206" hits="1" branch="false"/>
            <line number="207" hits="1" branch="false"/>
            <line number="208" hits="1" branch="false"/>
            <line number="212" hits="1" branch="false"/>
            <line number="213" hits="1" branch="false"/>
            <line number="214" hits="1" branch="false"/>
            <line number="215" hits="1" branch="false"/>
            <line number="218" hits="1" branch="false"/>
            <line number="219" hits="1" branch="false"/>
            <line number="220" hits="1" branch="false"/>
            <line number="221" hits="1" branch="false"/>
            <line number="222" hits="1" branch="false"/>
            <line number="225" hits="1" branch="false"/>
            <line number="226" hits="1" branch="false"/>
            <line number="227" hits="1" branch="false"/>
            <line number="229" hits="1" branch="false"/>
            <line number="230" hits="1" branch="false"/>
            <line number="231" hits="1" branch="false"/>
            <line number="233" hits="1" branch="false"/>
            <line number="234" hits="1" branch="false"/>
            <line number="235" hits="1" branch="false"/>
            <line number="239" hits="1" branch="false"/>
            <line number="241" hits="1" branch="false"/>
            <line number="243" hits="1" branch="false"/>
            <line number="244" hits="1" branch="false"/>
            <line number="245" hits="1" branch="false"/>
            <line number="246" hits="1" branch="false"/>
            <line number="247" hits="1" branch="false"/>
            <line number="249" hits="1" branch="false"/>
            <line number="250" hits="1" branch="false"/>
            <line number="253" hits="1" branch="false"/>
            <line number="255" hits="1" branch="false"/>
            <line number="256" hits="1" branch="false"/>
            <line number="257" hits="1" branch="false"/>
            <line number="258" hits="1" branch="false"/>
            <line number="259" hits="1" branch="false"/>
            <line number="260" hits="1" branch="false"/>
            <line number="261" hits="1" branch="false"/>
            <line number="262" hits="1" branch="false"/>
            <line number="264" hits="1" branch="false"/>
            <line number="265" hits="1" branch="false"/>
            <line number="267" hits="1" branch="false"/>
            <line number="269" hits="1" branch="false"/>
            <line number="270" hits="1" branch="false"/>
            <line number="271" hits="1" branch="false"/>
            <line number="272" hits="1" branch="false"/>
            <line number="273" hits="1" branch="false"/>
            <line number="274" hits="0" branch="false"/>
            <line number="275" hits="1" branch="false"/>
            <line number="276" hits="1" branch="false"/>
            <line number="277" hits="1" branch="false"/>
            <line number="280" hits="1" branch="false"/>
            <line number="283" hits="1" branch="false"/>
            <line number="284" hits="1" branch="false"/>
            <line number="285" hits="1" branch="false"/>
            <line number="286" hits="1" branch="false"/>
            <line number="290" hits="1" branch="false"/>
            <line number="291" hits="1" branch="false"/>
            <line number="293" hits="1" branch="false"/>
            <line number="294" hits="1" branch="false"/>
            <line number="295" hits="1" branch="false"/>
            <line number="297" hits="1" branch="false"/>
            <line number="299" hits="1" branch="false"/>
            <line number="300" hits="1" branch="false"/>
            <line number="301" hits="1" branch="false"/>
            <line number="302" hits="1" branch="false"/>
            <line number="303" hits="1" branch="false"/>
            <line number="304" hits="1" branch="false"/>
            <line number="305" hits="1" branch="false"/>
            <line number="306" hits="1" branch="false"/>
            <line number="307" hits="1" branch="false"/>
            <line number="309" hits="1" branch="false"/>
            <line number="310" hits="1" branch="false"/>
            <line number="311" hits="1" branch="false"/>
            <line number="312" hits="1" branch="false"/>
            <line number="313" hits="1" branch="false"/>
            <line number="314" hits="1" branch="false"/>
            <line number="315" hits="1" branch="false"/>
            <line number="317" hits="1" branch="false"/>
            <line number="318" hits="1" branch="false"/>
            <line number="319" hits="1" branch="false"/>
            <line number="320" hits="1" branch="false"/>
            <line number="321" hits="1" branch="false"/>
            <line number="322" hits="1" branch="false"/>
            <line number="323" hits="1" branch="false"/>
            <line number="324" hits="1" branch="false"/>
            <line number="325" hits="1" branch="false"/>
            <line number="326" hits="1" branch="false"/>
            <line number="327" hits="1" branch="false"/>
            <line number="328" hits="1" branch="false"/>
            <line number="329" hits="1" branch="false"/>
            <line number="331" hits="1" branch="false"/>
            <line number="332" hits="1" branch="false"/>
            <line number="333" hits="1" branch="false"/>
            <line number="334" hits="1" branch="false"/>
            <line number="335" hits="1" branch="false"/>
            <line number="336" hits="1" branch="false"/>
            <line number="337" hits="1" branch="false"/>
            <line number="338" hits="1" branch="false"/>
            <line number="339" hits="1" branch="false"/>
            <line number="340" hits="1" branch="false"/>
            <line number="341" hits="1" branch="false"/>
            <line number="342" hits="1" branch="false"/>
            <line number="343" hits="1" branch="false"/>
            <line number="344" hits="1" branch="false"/>
            <line number="345" hits="1" branch="false"/>
            <line number="346" hits="1" branch="false"/>
            <line number="347" hits="1" branch="false"/>
            <line number="348" hits="1" branch="false"/>
            <line number="349" hits="1" branch="false"/>
            <line number="351" hits="1" branch="false"/>
            <line number="352" hits="1" branch="false"/>
            <line number="353" hits="1" branch="false"/>
            <line number="354" hits="1" branch="false"/>
            <line number="355" hits="1" branch="false"/>
            <line number="356" hits="1" branch="false"/>
            <line number="357" hits="1" branch="false"/>
            <line number="358" hits="1" branch="false"/>
            <line number="361" hits="1" branch="false"/>
          </lines>
        </class>
        <class name="fit_model.R" filename="R/fit_model.R" line-rate="1" branch-rate="0" complexity="0">
          <methods>
            <method name="fit_model" signature="" line-rate="1" branch-rate="0" complexity="0">
              <lines>
                <line number="17" hits="4" branch="false"/>
                <line number="18" hits="4" branch="false"/>
                <line number="21" hits="4" branch="false"/>
                <line number="22" hits="1" branch="false"/>
                <line number="23" hits="1" branch="false"/>
                <line number="24" hits="1" branch="false"/>
                <line number="25" hits="1" branch="false"/>
                <line number="29" hits="3" branch="false"/>
                <line number="30" hits="3" branch="false"/>
                <line number="31" hits="3" branch="false"/>
                <line number="32" hits="3" branch="false"/>
                <line number="33" hits="3" branch="false"/>
                <line number="34" hits="3" branch="false"/>
                <line number="39" hits="3" branch="false"/>
                <line number="40" hits="3" branch="false"/>
                <line number="41" hits="3" branch="false"/>
                <line number="42" hits="3" branch="false"/>
                <line number="43" hits="3" branch="false"/>
                <line number="46" hits="3" branch="false"/>
                <line number="52" hits="3" branch="false"/>
                <line number="53" hits="3" branch="false"/>
                <line number="54" hits="3" branch="false"/>
                <line number="55" hits="3" branch="false"/>
                <line number="57" hits="3" branch="false"/>
                <line number="58" hits="3" branch="false"/>
                <line number="59" hits="3" branch="false"/>
                <line number="60" hits="3" branch="false"/>
                <line number="61" hits="3" branch="false"/>
                <line number="62" hits="3" branch="false"/>
                <line number="64" hits="3" branch="false"/>
              </lines>
            </method>
          </methods>
          <lines>
            <line number="17" hits="4" branch="false"/>
            <line number="18" hits="4" branch="false"/>
            <line number="21" hits="4" branch="false"/>
            <line number="22" hits="1" branch="false"/>
            <line number="23" hits="1" branch="false"/>
            <line number="24" hits="1" branch="false"/>
            <line number="25" hits="1" branch="false"/>
            <line number="29" hits="3" branch="false"/>
            <line number="30" hits="3" branch="false"/>
            <line number="31" hits="3" branch="false"/>
            <line number="32" hits="3" branch="false"/>
            <line number="33" hits="3" branch="false"/>
            <line number="34" hits="3" branch="false"/>
            <line number="39" hits="3" branch="false"/>
            <line number="40" hits="3" branch="false"/>
            <line number="41" hits="3" branch="false"/>
            <line number="42" hits="3" branch="false"/>
            <line number="43" hits="3" branch="false"/>
            <line number="46" hits="3" branch="false"/>
            <line number="52" hits="3" branch="false"/>
            <line number="53" hits="3" branch="false"/>
            <line number="54" hits="3" branch="false"/>
            <line number="55" hits="3" branch="false"/>
            <line number="57" hits="3" branch="false"/>
            <line number="58" hits="3" branch="false"/>
            <line number="59" hits="3" branch="false"/>
            <line number="60" hits="3" branch="false"/>
            <line number="61" hits="3" branch="false"/>
            <line number="62" hits="3" branch="false"/>
            <line number="64" hits="3" branch="false"/>
          </lines>
        </class>
        <class name="get_gdp_ctry.R" filename="R/get_gdp_ctry.R" line-rate="1" branch-rate="0" complexity="0">
          <methods>
            <method name="get_gdp_ctry" signature="" line-rate="1" branch-rate="0" complexity="0">
              <lines>
                <line number="17" hits="2" branch="false"/>
                <line number="18" hits="2" branch="false"/>
                <line number="21" hits="2" branch="false"/>
                <line number="22" hits="1" branch="false"/>
                <line number="23" hits="1" branch="false"/>
                <line number="24" hits="1" branch="false"/>
                <line number="25" hits="1" branch="false"/>
                <line number="29" hits="1" branch="false"/>
                <line number="32" hits="1" branch="false"/>
                <line number="35" hits="1" branch="false"/>
                <line number="36" hits="1" branch="false"/>
                <line number="37" hits="1" branch="false"/>
                <line number="38" hits="1" branch="false"/>
                <line number="39" hits="1" branch="false"/>
                <line number="40" hits="1" branch="false"/>
                <line number="41" hits="1" branch="false"/>
                <line number="42" hits="1" branch="false"/>
                <line number="43" hits="1" branch="false"/>
                <line number="45" hits="1" branch="false"/>
                <line number="46" hits="1" branch="false"/>
                <line number="47" hits="1" branch="false"/>
                <line number="48" hits="1" branch="false"/>
                <line number="49" hits="1" branch="false"/>
                <line number="50" hits="1" branch="false"/>
                <line number="51" hits="1" branch="false"/>
                <line number="54" hits="1" branch="false"/>
                <line number="55" hits="1" branch="false"/>
                <line number="57" hits="1" branch="false"/>
                <line number="58" hits="1" branch="false"/>
                <line number="61" hits="1" branch="false"/>
              </lines>
            </method>
          </methods>
          <lines>
            <line number="17" hits="2" branch="false"/>
            <line number="18" hits="2" branch="false"/>
            <line number="21" hits="2" branch="false"/>
            <line number="22" hits="1" branch="false"/>
            <line number="23" hits="1" branch="false"/>
            <line number="24" hits="1" branch="false"/>
            <line number="25" hits="1" branch="false"/>
            <line number="29" hits="1" branch="false"/>
            <line number="32" hits="1" branch="false"/>
            <line number="35" hits="1" branch="false"/>
            <line number="36" hits="1" branch="false"/>
            <line number="37" hits="1" branch="false"/>
            <line number="38" hits="1" branch="false"/>
            <line number="39" hits="1" branch="false"/>
            <line number="40" hits="1" branch="false"/>
            <line number="41" hits="1" branch="false"/>
            <line number="42" hits="1" branch="false"/>
            <line number="43" hits="1" branch="false"/>
            <line number="45" hits="1" branch="false"/>
            <line number="46" hits="1" branch="false"/>
            <line number="47" hits="1" branch="false"/>
            <line number="48" hits="1" branch="false"/>
            <line number="49" hits="1" branch="false"/>
            <line number="50" hits="1" branch="false"/>
            <line number="51" hits="1" branch="false"/>
            <line number="54" hits="1" branch="false"/>
            <line number="55" hits="1" branch="false"/>
            <line number="57" hits="1" branch="false"/>
            <line number="58" hits="1" branch="false"/>
            <line number="61" hits="1" branch="false"/>
          </lines>
        </class>
        <class name="get_pop_ctry.R" filename="R/get_pop_ctry.R" line-rate="1" branch-rate="0" complexity="0">
          <methods>
            <method name="get_pop_ctry" signature="" line-rate="1" branch-rate="0" complexity="0">
              <lines>
                <line number="17" hits="2" branch="false"/>
                <line number="18" hits="2" branch="false"/>
                <line number="21" hits="2" branch="false"/>
                <line number="22" hits="1" branch="false"/>
                <line number="23" hits="1" branch="false"/>
                <line number="24" hits="1" branch="false"/>
                <line number="25" hits="1" branch="false"/>
                <line number="29" hits="1" branch="false"/>
                <line number="32" hits="1" branch="false"/>
                <line number="35" hits="1" branch="false"/>
                <line number="36" hits="1" branch="false"/>
                <line number="37" hits="1" branch="false"/>
                <line number="38" hits="1" branch="false"/>
                <line number="39" hits="1" branch="false"/>
                <line number="40" hits="1" branch="false"/>
                <line number="41" hits="1" branch="false"/>
                <line number="42" hits="1" branch="false"/>
                <line number="43" hits="1" branch="false"/>
                <line number="45" hits="1" branch="false"/>
                <line number="46" hits="1" branch="false"/>
                <line number="47" hits="1" branch="false"/>
                <line number="48" hits="1" branch="false"/>
                <line number="49" hits="1" branch="false"/>
                <line number="50" hits="1" branch="false"/>
                <line number="51" hits="1" branch="false"/>
                <line number="54" hits="1" branch="false"/>
                <line number="55" hits="1" branch="false"/>
                <line number="56" hits="1" branch="false"/>
                <line number="57" hits="1" branch="false"/>
                <line number="59" hits="1" branch="false"/>
              </lines>
            </method>
          </methods>
          <lines>
            <line number="17" hits="2" branch="false"/>
            <line number="18" hits="2" branch="false"/>
            <line number="21" hits="2" branch="false"/>
            <line number="22" hits="1" branch="false"/>
            <line number="23" hits="1" branch="false"/>
            <line number="24" hits="1" branch="false"/>
            <line number="25" hits="1" branch="false"/>
            <line number="29" hits="1" branch="false"/>
            <line number="32" hits="1" branch="false"/>
            <line number="35" hits="1" branch="false"/>
            <line number="36" hits="1" branch="false"/>
            <line number="37" hits="1" branch="false"/>
            <line number="38" hits="1" branch="false"/>
            <line number="39" hits="1" branch="false"/>
            <line number="40" hits="1" branch="false"/>
            <line number="41" hits="1" branch="false"/>
            <line number="42" hits="1" branch="false"/>
            <line number="43" hits="1" branch="false"/>
            <line number="45" hits="1" branch="false"/>
            <line number="46" hits="1" branch="false"/>
            <line number="47" hits="1" branch="false"/>
            <line number="48" hits="1" branch="false"/>
            <line number="49" hits="1" branch="false"/>
            <line number="50" hits="1" branch="false"/>
            <line number="51" hits="1" branch="false"/>
            <line number="54" hits="1" branch="false"/>
            <line number="55" hits="1" branch="false"/>
            <line number="56" hits="1" branch="false"/>
            <line number="57" hits="1" branch="false"/>
            <line number="59" hits="1" branch="false"/>
          </lines>
        </class>
      </classes>
    </package>
  </packages>
</coverage>
